<?xml version="1.0" encoding="UTF-8"?>
<!-- Generated by org.testng.reporters.JUnitReportReporter -->
<testsuite hostname="Vivek-Sharma-2000" failures="0" tests="3" name="test_forA1.DataDriven" time="4.771" errors="0" timestamp="2022-11-20T22:23:54 IST" skipped="0">
  <testcase classname="test_forA1.DataDriven" name="LoginPage" time="1.118"/>
  <system-out/>
  <testcase classname="test_forA1.DataDriven" name="LoginPage" time="2.300"/>
  <system-out/>
  <testcase classname="test_forA1.DataDriven" name="LoginPage" time="1.353"/>
  <system-out/>
</testsuite> <!-- test_forA1.DataDriven -->
