<?xml version="1.0" encoding="UTF-8"?>
<!-- Generated by org.testng.reporters.JUnitReportReporter -->
<testsuite hostname="Vivek-Sharma-2000" failures="0" tests="3" name="Module_4_Assignment_1.DataDriven" time="4.905" errors="0" timestamp="2022-11-27T15:25:53 IST" skipped="0">
  <testcase classname="Module_4_Assignment_1.DataDriven" name="LoginPage" time="1.581"/>
  <system-out/>
  <testcase classname="Module_4_Assignment_1.DataDriven" name="LoginPage" time="1.591"/>
  <system-out/>
  <testcase classname="Module_4_Assignment_1.DataDriven" name="LoginPage" time="1.733"/>
  <system-out/>
</testsuite> <!-- Module_4_Assignment_1.DataDriven -->
