<?xml version="1.0" encoding="UTF-8"?>
<!-- Generated by org.testng.reporters.JUnitReportReporter -->
<testsuite hostname="Vivek-Sharma-2000" failures="0" tests="1" name="Module_4.Assignment_1" time="0.000" errors="0" timestamp="2022-11-20T22:36:15 IST" skipped="1">
  <testcase classname="Module_4.Assignment_1" name="LoginPage" time="0.000">
    <skipped/>
  </testcase> <!-- LoginPage -->
  <system-out/>
</testsuite> <!-- Module_4.Assignment_1 -->
