<?xml version="1.0" encoding="UTF-8"?>
<!-- Generated by org.testng.reporters.JUnitReportReporter -->
<testsuite hostname="Vivek-Sharma-2000" failures="0" tests="1" name="Module_3.Assignment_1" time="2.943" errors="0" timestamp="2022-11-26T16:38:52 IST" skipped="0">
  <testcase classname="Module_3.Assignment_1" name="Register" time="2.943"/>
  <system-out/>
</testsuite> <!-- Module_3.Assignment_1 -->
