<?xml version="1.0" encoding="UTF-8"?>
<!-- Generated by org.testng.reporters.JUnitReportReporter -->
<testsuite hostname="Vivek-Sharma-2000" failures="0" tests="3" name="Module_3.Assignment_2" time="0.412" errors="0" timestamp="2022-11-26T16:40:08 IST" skipped="0">
  <testcase classname="Module_3.Assignment_2" name="Login" time="0.170"/>
  <system-out/>
  <testcase classname="Module_3.Assignment_2" name="Login" time="0.101"/>
  <system-out/>
  <testcase classname="Module_3.Assignment_2" name="Login" time="0.141"/>
  <system-out/>
</testsuite> <!-- Module_3.Assignment_2 -->
