<?xml version="1.0" encoding="UTF-8"?>
<!-- Generated by org.testng.reporters.JUnitReportReporter -->
<testsuite hostname="Vivek-Sharma-2000" failures="0" tests="3" name="Module_3.Assignment_3" time="3.004" errors="0" timestamp="2022-11-26T17:44:07 IST" skipped="0">
  <testcase classname="Module_3.Assignment_3" name="ClickOnForms" time="0.296"/>
  <system-out/>
  <testcase classname="Module_3.Assignment_3" name="RegistrationForm" time="2.440"/>
  <system-out/>
  <testcase classname="Module_3.Assignment_3" name="ClickOnPracticeForm" time="0.268"/>
  <system-out/>
</testsuite> <!-- Module_3.Assignment_3 -->
